<?xml version="1.0" encoding="UTF-8"?>
<!-- Generated by org.testng.reporters.JUnitXMLReporter -->
<testsuite ignored="1" hostname="DESKTOP-AR6KJ44" failures="0" tests="2" name="Test main cases - WinEgde" time="28.111" errors="0" timestamp="2022-12-17T22:49:36 ICT">
  <testcase classname="tests.TestCase" name="@BeforeMethod openWebsite" time="0.001">
    <failure type="java.lang.NullPointerException" message="Cannot invoke &amp;quot;org.openqa.selenium.WebDriver.get(String)&amp;quot; because &amp;quot;this.driver&amp;quot; is null">
      <![CDATA[java.lang.NullPointerException: Cannot invoke "org.openqa.selenium.WebDriver.get(String)" because "this.driver" is null
at common.TestBase.openWeb(TestBase.java:16)
at tests.TestCase.openWebsite(TestCase.java:16)
at java.base/java.util.ArrayList.forEach(ArrayList.java:1511)
... Removed 31 stack frames]]>
    </failure>
  </testcase> <!-- @BeforeMethod openWebsite -->
  <testcase classname="tests.TestCase" name="@AfterMethod closeBrowser" time="-1.671292176272E9">
    <skipped/>
  </testcase> <!-- @AfterMethod closeBrowser -->
  <testcase classname="tests.TextBoxTest" name="submitSuccessfully" time="0.682"/>
  <testcase classname="tests.CheckBoxTest" name="verifyCheckBox" time="0.0">
    <skipped/>
  </testcase> <!-- verifyCheckBox -->
  <testcase classname="tests.TextBoxTest" name="submitWrong" time="0.0">
    <ignored/>
  </testcase> <!-- submitWrong -->
</testsuite> <!-- Test main cases - WinEgde -->
