<?xml version="1.0" encoding="UTF-8"?>
<!-- Generated by org.testng.reporters.JUnitXMLReporter -->
<testsuite ignored="1" hostname="DESKTOP-AR6KJ44" failures="0" tests="2" name="Test main cases - Chrome" time="31.09" errors="0" timestamp="2022-12-17T22:49:08 ICT">
  <testcase classname="tests.TextBoxTest" name="submitSuccessfully" time="1.43"/>
  <testcase classname="tests.CheckBoxTest" name="verifyCheckBox" time="2.821"/>
  <testcase classname="tests.TextBoxTest" name="submitWrong" time="0.0">
    <ignored/>
  </testcase> <!-- submitWrong -->
</testsuite> <!-- Test main cases - Chrome -->
